2025-10-21 10:20:44,116 - INFO - ℹ️  scan_start_minutes = 1 不是5的倍数，但扫描时间窗口允许灵活设置
2025-10-21 10:20:44,116 - INFO - ℹ️  scan_end_minutes = 6 不是5的倍数，但扫描时间窗口允许灵活设置
2025-10-21 10:20:44,116 - INFO - 配置已加载: /Users/lau/worksapce/program/python/polymarket/scheduler_config.json
2025-10-21 10:20:44,116 - INFO - 🚀 自动交易调度器启动
2025-10-21 10:20:44,116 - INFO - 📅 执行时间: 每小时10、25、40、55分钟（15、30、45、0分钟前5分钟）
2025-10-21 10:20:44,116 - INFO - 🛑 按 Ctrl+C 停止
2025-10-21 10:20:44,116 - INFO - ⏰ 下次执行时间: 2025-10-21 10:25:00
2025-10-21 10:20:44,116 - INFO - 😴 等待 4.3 分钟...
2025-10-21 10:24:59,999 - INFO - ⏰ 下次执行时间: 2025-10-21 10:25:00
2025-10-21 10:25:00,001 - INFO - 😴 等待 0.0 分钟...
2025-10-21 10:25:00,002 - INFO - 🔄 第 178 次执行
2025-10-21 10:25:00,004 - INFO - 执行命令: uv run main.py --start-minutes 1 --end-minutes 6 --auto-trade --max-trades 1
2025-10-21 10:25:22,457 - INFO - 输出: 扫描 1-6 分钟内结束的市场...
=== 自动交易模式 ===
=== 自动交易循环开始 ===
策略: 简化策略 - 只购买价格在0.9-0.98范围内的一方
交易金额: 2.0 USD
自动交易: 启用
测试模式: 禁用
扫描 1-6 分钟内结束的市场机会...
=== 扫描1-6分钟内结束的市场 ===
策略: 在交易结束前4分钟开始分析

找到 2 个在1-6分钟内结束的市场:
 1. eth-updown-15m-1761012900 - Ethereum Up or Down - October 20, 10:15PM-10:30PM ET
   结束时间: 2025-10-21T02:30:00Z (还有 4分钟53秒)
 2. btc-updown-15m-1761012900 - Bitcoin Up or Down - October 20, 10:15PM-10:30PM ET
   结束时间: 2025-10-21T02:30:00Z (还有 4分钟53秒)

=== 账户余额信息 ===
💰 当前USDC余额: 5.770249 USD
✅ 余额充足，可以进行交易
==================

=== 账户余额信息 ===
💰 当前USDC余额: 5.770249 USD
✅ 余额充足，可以进行交易
==================

找到 2 个市场机会:

1. eth-updown-15m-1761012900 - Ethereum Up or Down - October 20, 10:15PM-10:30PM ET
   建议: BUY_YES
   原因: YES价格0.925在0.9-0.98范围内，买入Up，剩余时间4.9分钟
   执行交易...
当前市场价格: 0.100
市价单下单成功:
  Token ID: 7007438700570728053957517384318559047001327982745133398906721821823931618618
  方向: BUY (买入Up)
  大小: 2.0 USD
  滑点: 1.0%
  订单类型: FOK (立即成交或取消)
  订单ID: N/A
   ✅ 交易成功!

2. btc-updown-15m-1761012900 - Bitcoin Up or Down - October 20, 10:15PM-10:30PM ET
   建议: BUY_YES
   原因: YES价格0.910在0.9-0.98范围内，买入Up，剩余时间4.9分钟

=== 交易总结 ===
执行交易: 1/1
分析机会: 2

2025-10-21 10:25:22,458 - INFO - ✅ 交易执行成功
2025-10-21 10:26:22,463 - INFO - ⏰ 下次执行时间: 2025-10-21 10:40:00
2025-10-21 10:26:22,464 - INFO - 😴 等待 13.6 分钟...
2025-10-21 10:27:30,546 - INFO - 🛑 调度器已停止
2025-10-21 10:27:30,547 - INFO - 👋 再见！
2025-10-21 10:27:46,370 - INFO - ℹ️  scan_start_minutes = 1 不是5的倍数，但扫描时间窗口允许灵活设置
2025-10-21 10:27:46,370 - INFO - ℹ️  scan_end_minutes = 6 不是5的倍数，但扫描时间窗口允许灵活设置
2025-10-21 10:27:46,370 - INFO - 配置已加载: /Users/lau/worksapce/program/python/polymarket/scheduler_config.json
2025-10-21 10:27:46,370 - INFO - 🚀 自动交易调度器启动
2025-10-21 10:27:46,370 - INFO - 📅 执行时间: 每小时10、25、40、55分钟（15、30、45、0分钟前5分钟）
2025-10-21 10:27:46,370 - INFO - 🛑 按 Ctrl+C 停止
2025-10-21 10:27:46,370 - INFO - ⏰ 下次执行时间: 2025-10-21 10:40:00
2025-10-21 10:27:46,370 - INFO - 😴 等待 12.2 分钟...
2025-10-21 10:39:59,944 - INFO - ⏰ 下次执行时间: 2025-10-21 10:40:00
2025-10-21 10:39:59,945 - INFO - 😴 等待 0.0 分钟...
2025-10-21 10:40:00,005 - INFO - 🔄 第 179 次执行
2025-10-21 10:40:00,005 - INFO - 执行命令: uv run main.py --start-minutes 1 --end-minutes 6 --auto-trade --max-trades 1
2025-10-21 10:40:18,272 - INFO - 输出: 扫描 1-6 分钟内结束的市场...
=== 自动交易模式 ===
=== 自动交易循环开始 ===
策略: 简化策略 - 只购买价格在0.9-0.98范围内的一方
交易金额: 2.0 USD
自动交易: 启用
测试模式: 禁用
扫描 1-6 分钟内结束的市场机会...
=== 扫描1-6分钟内结束的市场 ===
策略: 在交易结束前4分钟开始分析

找到 2 个在1-6分钟内结束的市场:
 1. btc-updown-15m-1761013800 - Bitcoin Up or Down - October 20, 10:30PM-10:45PM ET
   结束时间: 2025-10-21T02:45:00Z (还有 4分钟53秒)
 2. eth-updown-15m-1761013800 - Ethereum Up or Down - October 20, 10:30PM-10:45PM ET
   结束时间: 2025-10-21T02:45:00Z (还有 4分钟53秒)

=== 账户余额信息 ===
💰 当前USDC余额: 6.353343 USD
✅ 余额充足，可以进行交易
==================

=== 账户余额信息 ===
💰 当前USDC余额: 6.353343 USD
✅ 余额充足，可以进行交易
==================

找到 2 个市场机会:

1. btc-updown-15m-1761013800 - Bitcoin Up or Down - October 20, 10:30PM-10:45PM ET
   建议: HOLD
   原因: YES价格0.160和NO价格0.840都不在0.9-0.98范围内

2. eth-updown-15m-1761013800 - Ethereum Up or Down - October 20, 10:30PM-10:45PM ET
   建议: HOLD
   原因: YES价格0.220和NO价格0.780都不在0.9-0.98范围内

=== 交易总结 ===
执行交易: 0/1
分析机会: 2

2025-10-21 10:40:18,272 - INFO - ✅ 交易执行成功
2025-10-21 10:41:18,275 - INFO - ⏰ 下次执行时间: 2025-10-21 10:55:00
2025-10-21 10:41:18,276 - INFO - 😴 等待 13.7 分钟...
2025-10-21 10:55:00,015 - INFO - 🔄 第 180 次执行
2025-10-21 10:55:00,016 - INFO - 执行命令: uv run main.py --start-minutes 1 --end-minutes 6 --auto-trade --max-trades 1
2025-10-21 10:55:18,224 - INFO - 输出: 扫描 1-6 分钟内结束的市场...
=== 自动交易模式 ===
=== 自动交易循环开始 ===
策略: 简化策略 - 只购买价格在0.9-0.98范围内的一方
交易金额: 2.0 USD
自动交易: 启用
测试模式: 禁用
扫描 1-6 分钟内结束的市场机会...
=== 扫描1-6分钟内结束的市场 ===
策略: 在交易结束前4分钟开始分析

找到 2 个在1-6分钟内结束的市场:
 1. btc-updown-15m-1761014700 - Bitcoin Up or Down - October 20, 10:45PM-11:00PM ET
   结束时间: 2025-10-21T03:00:00Z (还有 4分钟54秒)
 2. eth-updown-15m-1761014700 - Ethereum Up or Down - October 20, 10:45PM-11:00PM ET
   结束时间: 2025-10-21T03:00:00Z (还有 4分钟54秒)

=== 账户余额信息 ===
💰 当前USDC余额: 6.353343 USD
✅ 余额充足，可以进行交易
==================

=== 账户余额信息 ===
💰 当前USDC余额: 6.353343 USD
✅ 余额充足，可以进行交易
==================

找到 2 个市场机会:

1. btc-updown-15m-1761014700 - Bitcoin Up or Down - October 20, 10:45PM-11:00PM ET
   建议: HOLD
   原因: YES价格0.680和NO价格0.325都不在0.9-0.98范围内

2. eth-updown-15m-1761014700 - Ethereum Up or Down - October 20, 10:45PM-11:00PM ET
   建议: HOLD
   原因: YES价格0.785和NO价格0.205都不在0.9-0.98范围内

=== 交易总结 ===
执行交易: 0/1
分析机会: 2

2025-10-21 10:55:18,224 - INFO - ✅ 交易执行成功
2025-10-21 10:55:57,088 - INFO - 🛑 调度器已停止
2025-10-21 10:55:57,089 - INFO - 👋 再见！
